<?xml version="1.0" encoding="UTF-8"?>
<!-- Generated by org.testng.reporters.JUnitXMLReporter -->
<testsuite hostname="LAPTOP-QEOP498E" ignored="0" name="Surefire test" tests="11" failures="0" timestamp="29 jun 2024 19:51:32 GMT" time="0.086" errors="0">
  <testcase name="testMultithreading" time="0.019" classname="com.example.AppTest"/>
  <testcase name="testMultithreading" time="0.019" classname="com.example.AppTest"/>
  <testcase name="testMultithreading" time="0.0" classname="com.example.AppTest"/>
  <testcase name="testMultithreading" time="0.0" classname="com.example.AppTest"/>
  <testcase name="testMultithreading" time="0.0" classname="com.example.AppTest"/>
  <testcase name="testMultithreading" time="0.0" classname="com.example.AppTest"/>
  <testcase name="testMultithreading" time="0.0" classname="com.example.AppTest"/>
  <testcase name="testMultithreading" time="0.0" classname="com.example.AppTest"/>
  <testcase name="testMultithreading" time="0.0" classname="com.example.AppTest"/>
  <testcase name="testMultithreading" time="0.001" classname="com.example.AppTest"/>
  <testcase name="listIntegrityNotCompromisedAfterThreadExecution" time="0.0" classname="com.example.AppTest"/>
</testsuite> <!-- Surefire test -->
